Performing C SOURCE FILE Test HAVE___DECLSPEC_DLLEXPORT_ failed with the following output:
Change Dir: /home/daniel/Códigos/Semi-External-Landau-Vishkin/external/libdivsufsort-2.0.1/build/CMakeFiles/CMakeTmp

Run Build Command:/usr/bin/make "cmTryCompileExec2282697638/fast"
/usr/bin/make -f CMakeFiles/cmTryCompileExec2282697638.dir/build.make CMakeFiles/cmTryCompileExec2282697638.dir/build
make[1]: Entering directory `/home/daniel/Códigos/Semi-External-Landau-Vishkin/external/libdivsufsort-2.0.1/build/CMakeFiles/CMakeTmp'
/usr/bin/cmake -E cmake_progress_report /home/daniel/Códigos/Semi-External-Landau-Vishkin/external/libdivsufsort-2.0.1/build/CMakeFiles/CMakeTmp/CMakeFiles 1
Building C object CMakeFiles/cmTryCompileExec2282697638.dir/src.c.o
/usr/bin/cc   -Wall -DHAVE___DECLSPEC_DLLEXPORT_   -o CMakeFiles/cmTryCompileExec2282697638.dir/src.c.o   -c /home/daniel/Códigos/Semi-External-Landau-Vishkin/external/libdivsufsort-2.0.1/build/CMakeFiles/CMakeTmp/src.c
/home/daniel/Códigos/Semi-External-Landau-Vishkin/external/libdivsufsort-2.0.1/build/CMakeFiles/CMakeTmp/src.c:1:1: warning: return type defaults to ‘int’ [-Wreturn-type]
 __declspec(dllexport) void func(); void func() { } int main() { func(); return 0; }
 ^
/home/daniel/Códigos/Semi-External-Landau-Vishkin/external/libdivsufsort-2.0.1/build/CMakeFiles/CMakeTmp/src.c: In function ‘__declspec’:
/home/daniel/Códigos/Semi-External-Landau-Vishkin/external/libdivsufsort-2.0.1/build/CMakeFiles/CMakeTmp/src.c:1:48: error: expected ‘=’, ‘,’, ‘;’, ‘asm’ or ‘__attribute__’ before ‘{’ token
 __declspec(dllexport) void func(); void func() { } int main() { func(); return 0; }
                                                ^
/home/daniel/Códigos/Semi-External-Landau-Vishkin/external/libdivsufsort-2.0.1/build/CMakeFiles/CMakeTmp/src.c:1:63: error: expected ‘=’, ‘,’, ‘;’, ‘asm’ or ‘__attribute__’ before ‘{’ token
 __declspec(dllexport) void func(); void func() { } int main() { func(); return 0; }
                                                               ^
/home/daniel/Códigos/Semi-External-Landau-Vishkin/external/libdivsufsort-2.0.1/build/CMakeFiles/CMakeTmp/src.c:1:28: error: declaration for parameter ‘func’ but no such parameter
 __declspec(dllexport) void func(); void func() { } int main() { func(); return 0; }
                            ^
/home/daniel/Códigos/Semi-External-Landau-Vishkin/external/libdivsufsort-2.0.1/build/CMakeFiles/CMakeTmp/src.c:1:63: error: expected ‘{’ at end of input
 __declspec(dllexport) void func(); void func() { } int main() { func(); return 0; }
                                                               ^
/home/daniel/Códigos/Semi-External-Landau-Vishkin/external/libdivsufsort-2.0.1/build/CMakeFiles/CMakeTmp/src.c:1:63: warning: control reaches end of non-void function [-Wreturn-type]
 __declspec(dllexport) void func(); void func() { } int main() { func(); return 0; }
                                                               ^
make[1]: *** [CMakeFiles/cmTryCompileExec2282697638.dir/src.c.o] Error 1
make[1]: Leaving directory `/home/daniel/Códigos/Semi-External-Landau-Vishkin/external/libdivsufsort-2.0.1/build/CMakeFiles/CMakeTmp'
make: *** [cmTryCompileExec2282697638/fast] Error 2

Source file was:
__declspec(dllexport) void func(); void func() { } int main() { func(); return 0; }
Performing C SOURCE FILE Test HAVE___DECLSPEC_DLLIMPORT_ failed with the following output:
Change Dir: /home/daniel/Códigos/Semi-External-Landau-Vishkin/external/libdivsufsort-2.0.1/build/CMakeFiles/CMakeTmp

Run Build Command:/usr/bin/make "cmTryCompileExec488211701/fast"
/usr/bin/make -f CMakeFiles/cmTryCompileExec488211701.dir/build.make CMakeFiles/cmTryCompileExec488211701.dir/build
make[1]: Entering directory `/home/daniel/Códigos/Semi-External-Landau-Vishkin/external/libdivsufsort-2.0.1/build/CMakeFiles/CMakeTmp'
/usr/bin/cmake -E cmake_progress_report /home/daniel/Códigos/Semi-External-Landau-Vishkin/external/libdivsufsort-2.0.1/build/CMakeFiles/CMakeTmp/CMakeFiles 1
Building C object CMakeFiles/cmTryCompileExec488211701.dir/src.c.o
/usr/bin/cc   -Wall -DHAVE___DECLSPEC_DLLIMPORT_   -o CMakeFiles/cmTryCompileExec488211701.dir/src.c.o   -c /home/daniel/Códigos/Semi-External-Landau-Vishkin/external/libdivsufsort-2.0.1/build/CMakeFiles/CMakeTmp/src.c
/home/daniel/Códigos/Semi-External-Landau-Vishkin/external/libdivsufsort-2.0.1/build/CMakeFiles/CMakeTmp/src.c:1:1: warning: return type defaults to ‘int’ [-Wreturn-type]
 __declspec(dllimport) void func(); void func() { } int main() { func(); return 0; }
 ^
/home/daniel/Códigos/Semi-External-Landau-Vishkin/external/libdivsufsort-2.0.1/build/CMakeFiles/CMakeTmp/src.c: In function ‘__declspec’:
/home/daniel/Códigos/Semi-External-Landau-Vishkin/external/libdivsufsort-2.0.1/build/CMakeFiles/CMakeTmp/src.c:1:48: error: expected ‘=’, ‘,’, ‘;’, ‘asm’ or ‘__attribute__’ before ‘{’ token
 __declspec(dllimport) void func(); void func() { } int main() { func(); return 0; }
                                                ^
/home/daniel/Códigos/Semi-External-Landau-Vishkin/external/libdivsufsort-2.0.1/build/CMakeFiles/CMakeTmp/src.c:1:63: error: expected ‘=’, ‘,’, ‘;’, ‘asm’ or ‘__attribute__’ before ‘{’ token
 __declspec(dllimport) void func(); void func() { } int main() { func(); return 0; }
                                                               ^
/home/daniel/Códigos/Semi-External-Landau-Vishkin/external/libdivsufsort-2.0.1/build/CMakeFiles/CMakeTmp/src.c:1:28: error: declaration for parameter ‘func’ but no such parameter
 __declspec(dllimport) void func(); void func() { } int main() { func(); return 0; }
                            ^
/home/daniel/Códigos/Semi-External-Landau-Vishkin/external/libdivsufsort-2.0.1/build/CMakeFiles/CMakeTmp/src.c:1:63: error: expected ‘{’ at end of input
 __declspec(dllimport) void func(); void func() { } int main() { func(); return 0; }
                                                               ^
/home/daniel/Códigos/Semi-External-Landau-Vishkin/external/libdivsufsort-2.0.1/build/CMakeFiles/CMakeTmp/src.c:1:63: warning: control reaches end of non-void function [-Wreturn-type]
 __declspec(dllimport) void func(); void func() { } int main() { func(); return 0; }
                                                               ^
make[1]: *** [CMakeFiles/cmTryCompileExec488211701.dir/src.c.o] Error 1
make[1]: Leaving directory `/home/daniel/Códigos/Semi-External-Landau-Vishkin/external/libdivsufsort-2.0.1/build/CMakeFiles/CMakeTmp'
make: *** [cmTryCompileExec488211701/fast] Error 2

Source file was:
__declspec(dllimport) void func(); void func() { } int main() { func(); return 0; }
